{"/private/var/www/Own/OpenSource/qrcode-panel/src/components/Header/index.ts": {"path":"/private/var/www/Own/OpenSource/qrcode-panel/src/components/Header/index.ts","statementMap":{"0":{"start":{"line":1,"column":0},"end":{"line":1,"column":null}},"1":{"start":{"line":2,"column":0},"end":{"line":2,"column":null}},"2":{"start":{"line":6,"column":0},"end":{"line":6,"column":null}},"3":{"start":{"line":7,"column":10},"end":{"line":7,"column":32}},"4":{"start":{"line":9,"column":10},"end":{"line":9,"column":33}},"5":{"start":{"line":6,"column":21},"end":{"line":6,"column":31}}},"fnMap":{"0":{"name":"(anonymous_0)","decl":{"start":{"line":6,"column":0},"end":{"line":6,"column":21}},"loc":{"start":{"line":6,"column":0},"end":{"line":10,"column":null}}}},"branchMap":{},"s":{"0":1,"1":1,"2":1,"3":3,"4":1,"5":2},"f":{"0":3},"b":{}}
}
