{"/private/var/www/Own/OpenSource/qrcode-panel/src/components/Box/index.ts": {"path":"/private/var/www/Own/OpenSource/qrcode-panel/src/components/Box/index.ts","statementMap":{"0":{"start":{"line":1,"column":0},"end":{"line":1,"column":null}},"1":{"start":{"line":2,"column":0},"end":{"line":2,"column":null}},"2":{"start":{"line":6,"column":0},"end":{"line":6,"column":null}},"3":{"start":{"line":13,"column":23},"end":{"line":13,"column":24}},"4":{"start":{"line":14,"column":4},"end":{"line":14,"column":11}},"5":{"start":{"line":8,"column":10},"end":{"line":8,"column":33}},"6":{"start":{"line":9,"column":10},"end":{"line":9,"column":32}},"7":{"start":{"line":10,"column":10},"end":{"line":10,"column":37}},"8":{"start":{"line":6,"column":21},"end":{"line":6,"column":24}}},"fnMap":{"0":{"name":"(anonymous_0)","decl":{"start":{"line":12,"column":2},"end":{"line":12,"column":6}},"loc":{"start":{"line":12,"column":17},"end":{"line":15,"column":null}}}},"branchMap":{"0":{"loc":{"start":{"line":13,"column":24},"end":{"line":13,"column":42}},"type":"binary-expr","locations":[{"start":{"line":13,"column":24},"end":{"line":13,"column":42}},{"start":{"line":13,"column":42},"end":{"line":13,"column":46}}]}},"s":{"0":2,"1":2,"2":2,"3":1,"4":1,"5":2,"6":2,"7":2,"8":4},"f":{"0":1},"b":{"0":[1,1]}}
,"/private/var/www/Own/OpenSource/qrcode-panel/src/components/BoxIcon/index.ts": {"path":"/private/var/www/Own/OpenSource/qrcode-panel/src/components/BoxIcon/index.ts","statementMap":{"0":{"start":{"line":1,"column":0},"end":{"line":1,"column":null}},"1":{"start":{"line":2,"column":0},"end":{"line":2,"column":null}},"2":{"start":{"line":6,"column":0},"end":{"line":6,"column":null}},"3":{"start":{"line":7,"column":10},"end":{"line":7,"column":33}},"4":{"start":{"line":8,"column":10},"end":{"line":8,"column":32}},"5":{"start":{"line":6,"column":21},"end":{"line":6,"column":28}}},"fnMap":{},"branchMap":{},"s":{"0":1,"1":1,"2":1,"3":1,"4":1,"5":2},"f":{},"b":{}}
,"/private/var/www/Own/OpenSource/qrcode-panel/src/components/Header/index.ts": {"path":"/private/var/www/Own/OpenSource/qrcode-panel/src/components/Header/index.ts","statementMap":{"0":{"start":{"line":1,"column":0},"end":{"line":1,"column":null}},"1":{"start":{"line":2,"column":0},"end":{"line":2,"column":null}},"2":{"start":{"line":6,"column":0},"end":{"line":6,"column":null}},"3":{"start":{"line":8,"column":10},"end":{"line":8,"column":32}},"4":{"start":{"line":10,"column":10},"end":{"line":10,"column":33}},"5":{"start":{"line":6,"column":21},"end":{"line":6,"column":27}}},"fnMap":{"0":{"name":"(anonymous_0)","decl":{"start":{"line":6,"column":0},"end":{"line":6,"column":21}},"loc":{"start":{"line":6,"column":0},"end":{"line":11,"column":null}}}},"branchMap":{},"s":{"0":2,"1":2,"2":2,"3":3,"4":2,"5":4},"f":{"0":3},"b":{}}
,"/private/var/www/Own/OpenSource/qrcode-panel/src/containers/Account/index.ts": {"path":"/private/var/www/Own/OpenSource/qrcode-panel/src/containers/Account/index.ts","statementMap":{"0":{"start":{"line":1,"column":0},"end":{"line":1,"column":null}},"1":{"start":{"line":2,"column":0},"end":{"line":2,"column":null}},"2":{"start":{"line":3,"column":0},"end":{"line":3,"column":null}},"3":{"start":{"line":4,"column":0},"end":{"line":4,"column":null}},"4":{"start":{"line":5,"column":0},"end":{"line":5,"column":null}},"5":{"start":{"line":15,"column":0},"end":{"line":15,"column":null}},"6":{"start":{"line":15,"column":21},"end":{"line":15,"column":28}}},"fnMap":{},"branchMap":{},"s":{"0":1,"1":1,"2":1,"3":1,"4":1,"5":1,"6":2},"f":{},"b":{}}
}
