TN:
SF:src/components/Box/index.ts
FN:12,(anonymous_0)
FNF:1
FNH:1
FNDA:1,(anonymous_0)
DA:1,2
DA:2,2
DA:6,4
DA:8,2
DA:9,2
DA:10,2
DA:13,1
LF:7
LH:7
BRDA:13,0,0,1
BRDA:13,0,1,0
BRF:2
BRH:1
end_of_record
TN:
SF:src/components/BoxIcon/index.ts
FNF:0
FNH:0
DA:1,2
DA:2,2
DA:6,4
DA:7,2
DA:8,2
LF:5
LH:5
BRF:0
BRH:0
end_of_record
TN:
SF:src/components/Header/index.ts
FN:6,(anonymous_0)
FNF:1
FNH:1
FNDA:3,(anonymous_0)
DA:1,2
DA:2,2
DA:6,4
DA:8,3
DA:10,2
LF:5
LH:5
BRF:0
BRH:0
end_of_record
TN:
SF:src/components/Loading/index.ts
FNF:0
FNH:0
DA:1,2
DA:2,2
DA:6,4
LF:3
LH:3
BRF:0
BRH:0
end_of_record
TN:
SF:src/containers/Account/index.ts
FN:19,(anonymous_0)
FN:24,(anonymous_1)
FN:28,(anonymous_2)
FN:29,(anonymous_3)
FN:32,(anonymous_4)
FN:34,(anonymous_5)
FN:35,(anonymous_6)
FN:38,(anonymous_7)
FN:40,(anonymous_8)
FN:41,(anonymous_9)
FN:44,(anonymous_10)
FN:50,(anonymous_11)
FNF:12
FNH:3
FNDA:2,(anonymous_0)
FNDA:0,(anonymous_1)
FNDA:0,(anonymous_2)
FNDA:0,(anonymous_3)
FNDA:2,(anonymous_4)
FNDA:0,(anonymous_5)
FNDA:0,(anonymous_6)
FNDA:0,(anonymous_7)
FNDA:0,(anonymous_8)
FNDA:0,(anonymous_9)
FNDA:2,(anonymous_10)
FNDA:0,(anonymous_11)
DA:1,1
DA:2,1
DA:3,1
DA:5,1
DA:6,1
DA:7,1
DA:8,1
DA:19,2
DA:20,2
DA:21,2
DA:22,2
DA:25,0
DA:27,0
DA:28,0
DA:29,0
DA:33,2
DA:34,0
DA:35,0
DA:39,0
DA:40,0
DA:41,0
DA:45,2
DA:47,2
DA:50,0
LF:24
LH:14
BRF:0
BRH:0
end_of_record
TN:
SF:src/services/API/index.ts
FN:6,(anonymous_0)
FN:10,(anonymous_1)
FN:14,(anonymous_2)
FNF:3
FNH:3
FNDA:3,(anonymous_0)
FNDA:1,(anonymous_1)
FNDA:1,(anonymous_2)
DA:4,2
DA:7,3
DA:11,1
DA:15,1
LF:4
LH:4
BRF:0
BRH:0
end_of_record
